[get].[Response.Status] 200
[get].[Response.Reason] OK
[get].[Response.Status] 200
[get].[Response.Reason] OK
[addWork]Meta-data 0
[post].[Response.Status] 201
[post].[Response.Reason] Created
[nmm] InboundJaxrsResponse{context=ClientResponse{method=POST, uri=https://api.sandbox.orcid.org/v2.0_rc1/0000-0002-9007-3574/work, status=201, reason=Created}}
[nmm] {Access-Control-Allow-Origin=[*], Date=[Tue, 04 Oct 2016 16:51:07 GMT], Content-Length=[0], Location=[http://api.sandbox.orcid.org/v2.0_rc1/0000-0002-9007-3574/work/717817], Connection=[keep-alive], Content-Type=[application/orcid+xml; qs=3;charset=UTF-8], Server=[nginx/1.4.6 (Ubuntu)]}
[nmm] Created
[addWork] 717817
[get].[Response.Status] 200
[get].[Response.Reason] OK
[get].[Response.Status] 200
[get].[Response.Reason] OK
[getFullWork] 671725
[get].[Response.Status] 200
[get].[Response.Reason] OK
[get].[Response.Status] 200
[get].[Response.Reason] OK
[get].[Response.Status] 200
[get].[Response.Reason] OK
[getFullWork] 673409
[get].[Response.Status] 200
[get].[Response.Reason] OK
[get].[Response.Status] 200
[get].[Response.Reason] OK
[get].[Response.Status] 200
[get].[Response.Reason] OK
[get].[Response.Status] 200
[get].[Response.Reason] OK
[get].[Response.Status] 200
[get].[Response.Reason] OK
[delete].[Response.Status] 204
[delete].[Response.Reason] No Content
[get].[Response.Status] 200
[get].[Response.Reason] OK
[get].[Response.Status] 200
[get].[Response.Reason] OK
[addWork]Meta-data 0
[post].[Response.Status] 201
[post].[Response.Reason] Created
[nmm] InboundJaxrsResponse{context=ClientResponse{method=POST, uri=https://api.sandbox.orcid.org/v2.0_rc1/0000-0002-9007-3574/work, status=201, reason=Created}}
[nmm] {Access-Control-Allow-Origin=[*], Date=[Tue, 04 Oct 2016 16:51:12 GMT], Content-Length=[0], Location=[http://api.sandbox.orcid.org/v2.0_rc1/0000-0002-9007-3574/work/717818], Connection=[keep-alive], Content-Type=[application/orcid+xml; qs=3;charset=UTF-8], Server=[nginx/1.4.6 (Ubuntu)]}
[nmm] Created
[addWork] 717818
[addWork]Meta-data 1
[post].[Response.Status] 201
[post].[Response.Reason] Created
[nmm] InboundJaxrsResponse{context=ClientResponse{method=POST, uri=https://api.sandbox.orcid.org/v2.0_rc1/0000-0002-9007-3574/work, status=201, reason=Created}}
[nmm] {Access-Control-Allow-Origin=[*], Date=[Tue, 04 Oct 2016 16:51:13 GMT], Content-Length=[0], Location=[http://api.sandbox.orcid.org/v2.0_rc1/0000-0002-9007-3574/work/717819], Connection=[keep-alive], Content-Type=[application/orcid+xml; qs=3;charset=UTF-8], Server=[nginx/1.4.6 (Ubuntu)]}
[nmm] Created
[addWork] 717819
[get].[Response.Status] 200
[get].[Response.Reason] OK
[get].[Response.Status] 200
[get].[Response.Reason] OK
[get].[Response.Status] 200
[get].[Response.Reason] OK
[get].[Response.Status] 200
[get].[Response.Reason] OK
[getFullWork] 673409
[get].[Response.Status] 200
[get].[Response.Reason] OK
[get].[Response.Status] 200
[get].[Response.Reason] OK
[get].[Response.Status] 200
[get].[Response.Reason] OK
[get].[Response.Status] 200
[get].[Response.Reason] OK
[get].[Response.Status] 200
[get].[Response.Reason] OK
[delete].[Response.Status] 204
[delete].[Response.Reason] No Content
[delete].[Response.Status] 204
[delete].[Response.Reason] No Content
[get].[Response.Status] 200
[get].[Response.Reason] OK
[get].[Response.Status] 200
[get].[Response.Reason] OK
[addWork]Meta-data 0
[post].[Response.Status] 201
[post].[Response.Reason] Created
[nmm] InboundJaxrsResponse{context=ClientResponse{method=POST, uri=https://api.sandbox.orcid.org/v2.0_rc1/0000-0002-9007-3574/work, status=201, reason=Created}}
[nmm] {Access-Control-Allow-Origin=[*], Date=[Tue, 04 Oct 2016 16:51:18 GMT], Content-Length=[0], Location=[http://api.sandbox.orcid.org/v2.0_rc1/0000-0002-9007-3574/work/717820], Connection=[keep-alive], Content-Type=[application/orcid+xml; qs=3;charset=UTF-8], Server=[nginx/1.4.6 (Ubuntu)]}
[nmm] Created
[addWork] 717820
[addWork]Meta-data 1
[post].[Response.Status] 201
[post].[Response.Reason] Created
[nmm] InboundJaxrsResponse{context=ClientResponse{method=POST, uri=https://api.sandbox.orcid.org/v2.0_rc1/0000-0002-9007-3574/work, status=201, reason=Created}}
[nmm] {Access-Control-Allow-Origin=[*], Date=[Tue, 04 Oct 2016 16:51:18 GMT], Content-Length=[0], Location=[http://api.sandbox.orcid.org/v2.0_rc1/0000-0002-9007-3574/work/717821], Connection=[keep-alive], Content-Type=[application/orcid+xml; qs=3;charset=UTF-8], Server=[nginx/1.4.6 (Ubuntu)]}
[nmm] Created
[addWork] 717821
[get].[Response.Status] 200
[get].[Response.Reason] OK
[get].[Response.Status] 200
[get].[Response.Reason] OK
[get].[Response.Status] 200
[get].[Response.Reason] OK
[get].[Response.Status] 200
[get].[Response.Reason] OK
[getFullWork] 673409
[get].[Response.Status] 200
[get].[Response.Reason] OK
[get].[Response.Status] 200
[get].[Response.Reason] OK
[get].[Response.Status] 200
[get].[Response.Reason] OK
[get].[Response.Status] 200
[get].[Response.Reason] OK
[get].[Response.Status] 200
[get].[Response.Reason] OK
[delete].[Response.Status] 204
[delete].[Response.Reason] No Content
[delete].[Response.Status] 204
[delete].[Response.Reason] No Content
[get].[Response.Status] 200
[get].[Response.Reason] OK
[get].[Response.Status] 200
[get].[Response.Reason] OK
[addWork]Meta-data 0
[post].[Response.Status] 201
[post].[Response.Reason] Created
[nmm] InboundJaxrsResponse{context=ClientResponse{method=POST, uri=https://api.sandbox.orcid.org/v2.0_rc1/0000-0002-5507-2082/work, status=201, reason=Created}}
[nmm] {Access-Control-Allow-Origin=[*], Date=[Tue, 04 Oct 2016 16:51:24 GMT], Content-Length=[0], Location=[http://api.sandbox.orcid.org/v2.0_rc1/0000-0002-5507-2082/work/717822], Connection=[keep-alive], Content-Type=[application/orcid+xml; qs=3;charset=UTF-8], Server=[nginx/1.4.6 (Ubuntu)]}
[nmm] Created
[addWork] 717822
[get].[Response.Status] 200
[get].[Response.Reason] OK
[get].[Response.Status] 200
[get].[Response.Reason] OK
[get].[Response.Status] 200
[get].[Response.Reason] OK
[get].[Response.Status] 200
[get].[Response.Reason] OK
[get].[Response.Status] 200
[get].[Response.Reason] OK
[get].[Response.Status] 200
[get].[Response.Reason] OK
[get].[Response.Status] 200
[get].[Response.Reason] OK
[get].[Response.Status] 200
[get].[Response.Reason] OK
[delete].[Response.Status] 204
[delete].[Response.Reason] No Content
[get].[Response.Status] 200
[get].[Response.Reason] OK
[get].[Response.Status] 200
[get].[Response.Reason] OK
[addWork]Meta-data 0
[post].[Response.Status] 201
[post].[Response.Reason] Created
[nmm] InboundJaxrsResponse{context=ClientResponse{method=POST, uri=https://api.sandbox.orcid.org/v2.0_rc1/0000-0002-5507-2082/work, status=201, reason=Created}}
[nmm] {Access-Control-Allow-Origin=[*], Date=[Tue, 04 Oct 2016 16:51:28 GMT], Content-Length=[0], Location=[http://api.sandbox.orcid.org/v2.0_rc1/0000-0002-5507-2082/work/717823], Connection=[keep-alive], Content-Type=[application/orcid+xml; qs=3;charset=UTF-8], Server=[nginx/1.4.6 (Ubuntu)]}
[nmm] Created
[addWork] 717823
[get].[Response.Status] 200
[get].[Response.Reason] OK
[get].[Response.Status] 200
[get].[Response.Reason] OK
[getFullWork] 671775
[get].[Response.Status] 200
[get].[Response.Reason] OK
[get].[Response.Status] 200
[get].[Response.Reason] OK
[get].[Response.Status] 200
[get].[Response.Reason] OK
[get].[Response.Status] 200
[get].[Response.Reason] OK
[get].[Response.Status] 200
[get].[Response.Reason] OK
[get].[Response.Status] 200
[get].[Response.Reason] OK
[get].[Response.Status] 200
[get].[Response.Reason] OK
[delete].[Response.Status] 204
[delete].[Response.Reason] No Content
[get].[Response.Status] 200
[get].[Response.Reason] OK
[get].[Response.Status] 200
[get].[Response.Reason] OK
[addWork]Meta-data 0
[post].[Response.Status] 201
[post].[Response.Reason] Created
[nmm] InboundJaxrsResponse{context=ClientResponse{method=POST, uri=https://api.sandbox.orcid.org/v2.0_rc1/0000-0002-5507-2082/work, status=201, reason=Created}}
[nmm] {Access-Control-Allow-Origin=[*], Date=[Tue, 04 Oct 2016 16:51:33 GMT], Content-Length=[0], Location=[http://api.sandbox.orcid.org/v2.0_rc1/0000-0002-5507-2082/work/717824], Connection=[keep-alive], Content-Type=[application/orcid+xml; qs=3;charset=UTF-8], Server=[nginx/1.4.6 (Ubuntu)]}
[nmm] Created
[addWork] 717824
[addWork]Meta-data 1
[post].[Response.Status] 201
[post].[Response.Reason] Created
[nmm] InboundJaxrsResponse{context=ClientResponse{method=POST, uri=https://api.sandbox.orcid.org/v2.0_rc1/0000-0002-5507-2082/work, status=201, reason=Created}}
[nmm] {Access-Control-Allow-Origin=[*], Date=[Tue, 04 Oct 2016 16:51:33 GMT], Content-Length=[0], Location=[http://api.sandbox.orcid.org/v2.0_rc1/0000-0002-5507-2082/work/717825], Connection=[keep-alive], Content-Type=[application/orcid+xml; qs=3;charset=UTF-8], Server=[nginx/1.4.6 (Ubuntu)]}
[nmm] Created
[addWork] 717825
[get].[Response.Status] 200
[get].[Response.Reason] OK
[get].[Response.Status] 200
[get].[Response.Reason] OK
[get].[Response.Status] 200
[get].[Response.Reason] OK
[get].[Response.Status] 200
[get].[Response.Reason] OK
[get].[Response.Status] 200
[get].[Response.Reason] OK
[get].[Response.Status] 200
[get].[Response.Reason] OK
[get].[Response.Status] 200
[get].[Response.Reason] OK
[get].[Response.Status] 200
[get].[Response.Reason] OK
[delete].[Response.Status] 204
[delete].[Response.Reason] No Content
[delete].[Response.Status] 204
[delete].[Response.Reason] No Content
[get].[Response.Status] 200
[get].[Response.Reason] OK
[get].[Response.Status] 200
[get].[Response.Reason] OK
[addWork]Meta-data 0
[post].[Response.Status] 201
[post].[Response.Reason] Created
[nmm] InboundJaxrsResponse{context=ClientResponse{method=POST, uri=https://api.sandbox.orcid.org/v2.0_rc1/0000-0002-5507-2082/work, status=201, reason=Created}}
[nmm] {Access-Control-Allow-Origin=[*], Date=[Tue, 04 Oct 2016 16:51:38 GMT], Content-Length=[0], Location=[http://api.sandbox.orcid.org/v2.0_rc1/0000-0002-5507-2082/work/717826], Connection=[keep-alive], Content-Type=[application/orcid+xml; qs=3;charset=UTF-8], Server=[nginx/1.4.6 (Ubuntu)]}
[nmm] Created
[addWork] 717826
[get].[Response.Status] 200
[get].[Response.Reason] OK
[get].[Response.Status] 200
[get].[Response.Reason] OK
[get].[Response.Status] 200
[get].[Response.Reason] OK
[get].[Response.Status] 200
[get].[Response.Reason] OK
[get].[Response.Status] 200
[get].[Response.Reason] OK
[get].[Response.Status] 200
[get].[Response.Reason] OK
[get].[Response.Status] 200
[get].[Response.Reason] OK
[get].[Response.Status] 200
[get].[Response.Reason] OK
[delete].[Response.Status] 204
[delete].[Response.Reason] No Content
[get].[Response.Status] 200
[get].[Response.Reason] OK
[get].[Response.Status] 200
[get].[Response.Reason] OK
[addWork]Meta-data 0
[post].[Response.Status] 201
[post].[Response.Reason] Created
[nmm] InboundJaxrsResponse{context=ClientResponse{method=POST, uri=https://api.sandbox.orcid.org/v2.0_rc1/0000-0002-5507-2082/work, status=201, reason=Created}}
[nmm] {Access-Control-Allow-Origin=[*], Date=[Tue, 04 Oct 2016 16:51:43 GMT], Content-Length=[0], Location=[http://api.sandbox.orcid.org/v2.0_rc1/0000-0002-5507-2082/work/717827], Connection=[keep-alive], Content-Type=[application/orcid+xml; qs=3;charset=UTF-8], Server=[nginx/1.4.6 (Ubuntu)]}
[nmm] Created
[addWork] 717827
[get].[Response.Status] 200
[get].[Response.Reason] OK
[addWork]Meta-data 0
[post].[Response.Status] 201
[post].[Response.Reason] Created
[nmm] InboundJaxrsResponse{context=ClientResponse{method=POST, uri=https://api.sandbox.orcid.org/v2.0_rc1/0000-0002-5507-2082/work, status=201, reason=Created}}
[nmm] {Access-Control-Allow-Origin=[*], Date=[Tue, 04 Oct 2016 16:51:43 GMT], Content-Length=[0], Location=[http://api.sandbox.orcid.org/v2.0_rc1/0000-0002-5507-2082/work/717828], Connection=[keep-alive], Content-Type=[application/orcid+xml; qs=3;charset=UTF-8], Server=[nginx/1.4.6 (Ubuntu)]}
[nmm] Created
[addWork] 717828
[get].[Response.Status] 200
[get].[Response.Reason] OK
[get].[Response.Status] 200
[get].[Response.Reason] OK
[get].[Response.Status] 200
[get].[Response.Reason] OK
[get].[Response.Status] 200
[get].[Response.Reason] OK
[get].[Response.Status] 200
[get].[Response.Reason] OK
[get].[Response.Status] 200
[get].[Response.Reason] OK
[delete].[Response.Status] 204
[delete].[Response.Reason] No Content
[get].[Response.Status] 200
[get].[Response.Reason] OK
[delete].[Response.Status] 204
[delete].[Response.Reason] No Content
[get].[Response.Status] 200
[get].[Response.Reason] OK
[get].[Response.Status] 200
[get].[Response.Reason] OK
[addWork]Meta-data 0
[post].[Response.Status] 201
[post].[Response.Reason] Created
[nmm] InboundJaxrsResponse{context=ClientResponse{method=POST, uri=https://api.sandbox.orcid.org/v2.0_rc1/0000-0002-5507-2082/work, status=201, reason=Created}}
[nmm] {Access-Control-Allow-Origin=[*], Date=[Tue, 04 Oct 2016 16:51:48 GMT], Content-Length=[0], Location=[http://api.sandbox.orcid.org/v2.0_rc1/0000-0002-5507-2082/work/717829], Connection=[keep-alive], Content-Type=[application/orcid+xml; qs=3;charset=UTF-8], Server=[nginx/1.4.6 (Ubuntu)]}
[nmm] Created
[addWork] 717829
[get].[Response.Status] 200
[get].[Response.Reason] OK
[addWork]Meta-data 0
[post].[Response.Status] 201
[post].[Response.Reason] Created
[nmm] InboundJaxrsResponse{context=ClientResponse{method=POST, uri=https://api.sandbox.orcid.org/v2.0_rc1/0000-0002-5507-2082/work, status=201, reason=Created}}
[nmm] {Access-Control-Allow-Origin=[*], Date=[Tue, 04 Oct 2016 16:51:49 GMT], Content-Length=[0], Location=[http://api.sandbox.orcid.org/v2.0_rc1/0000-0002-5507-2082/work/717830], Connection=[keep-alive], Content-Type=[application/orcid+xml; qs=3;charset=UTF-8], Server=[nginx/1.4.6 (Ubuntu)]}
[nmm] Created
[addWork] 717830
[get].[Response.Status] 200
[get].[Response.Reason] OK
[get].[Response.Status] 200
[get].[Response.Reason] OK
[get].[Response.Status] 200
[get].[Response.Reason] OK
[get].[Response.Status] 200
[get].[Response.Reason] OK
[get].[Response.Status] 200
[get].[Response.Reason] OK
[get].[Response.Status] 200
[get].[Response.Reason] OK
[delete].[Response.Status] 204
[delete].[Response.Reason] No Content
[get].[Response.Status] 200
[get].[Response.Reason] OK
[delete].[Response.Status] 204
[delete].[Response.Reason] No Content
[get].[Response.Status] 200
[get].[Response.Reason] OK
[get].[Response.Status] 200
[get].[Response.Reason] OK
[addWork]Meta-data 0
[post].[Response.Status] 201
[post].[Response.Reason] Created
[nmm] InboundJaxrsResponse{context=ClientResponse{method=POST, uri=https://api.sandbox.orcid.org/v2.0_rc1/0000-0002-5507-2082/work, status=201, reason=Created}}
[nmm] {Access-Control-Allow-Origin=[*], Date=[Tue, 04 Oct 2016 16:51:54 GMT], Content-Length=[0], Location=[http://api.sandbox.orcid.org/v2.0_rc1/0000-0002-5507-2082/work/717831], Connection=[keep-alive], Content-Type=[application/orcid+xml; qs=3;charset=UTF-8], Server=[nginx/1.4.6 (Ubuntu)]}
[nmm] Created
[addWork] 717831
[addWork]Meta-data 0
[post].[Response.Status] 201
[post].[Response.Reason] Created
[nmm] InboundJaxrsResponse{context=ClientResponse{method=POST, uri=https://api.sandbox.orcid.org/v2.0_rc1/0000-0002-5507-2082/work, status=201, reason=Created}}
[nmm] {Access-Control-Allow-Origin=[*], Date=[Tue, 04 Oct 2016 16:51:54 GMT], Content-Length=[0], Location=[http://api.sandbox.orcid.org/v2.0_rc1/0000-0002-5507-2082/work/717832], Connection=[keep-alive], Content-Type=[application/orcid+xml; qs=3;charset=UTF-8], Server=[nginx/1.4.6 (Ubuntu)]}
[nmm] Created
[addWork] 717832
[get].[Response.Status] 200
[get].[Response.Reason] OK
[deleteWork] 717832
[delete].[Response.Status] 204
[delete].[Response.Reason] No Content
[get].[Response.Status] 200
[get].[Response.Reason] OK
[get].[Response.Status] 200
[get].[Response.Reason] OK
[get].[Response.Status] 200
[get].[Response.Reason] OK
[get].[Response.Status] 200
[get].[Response.Reason] OK
[get].[Response.Status] 200
[get].[Response.Reason] OK
[get].[Response.Status] 200
[get].[Response.Reason] OK
[get].[Response.Status] 200
[get].[Response.Reason] OK
[delete].[Response.Status] 204
[delete].[Response.Reason] No Content
[get].[Response.Status] 200
[get].[Response.Reason] OK
[get].[Response.Status] 200
[get].[Response.Reason] OK
[addWork]Meta-data 0
[post].[Response.Status] 201
[post].[Response.Reason] Created
[nmm] InboundJaxrsResponse{context=ClientResponse{method=POST, uri=https://api.sandbox.orcid.org/v2.0_rc1/0000-0002-5507-2082/work, status=201, reason=Created}}
[nmm] {Access-Control-Allow-Origin=[*], Date=[Tue, 04 Oct 2016 16:51:59 GMT], Content-Length=[0], Location=[http://api.sandbox.orcid.org/v2.0_rc1/0000-0002-5507-2082/work/717833], Connection=[keep-alive], Content-Type=[application/orcid+xml; qs=3;charset=UTF-8], Server=[nginx/1.4.6 (Ubuntu)]}
[nmm] Created
[addWork] 717833
[addWork]Meta-data 0
[post].[Response.Status] 201
[post].[Response.Reason] Created
[nmm] InboundJaxrsResponse{context=ClientResponse{method=POST, uri=https://api.sandbox.orcid.org/v2.0_rc1/0000-0002-5507-2082/work, status=201, reason=Created}}
[nmm] {Access-Control-Allow-Origin=[*], Date=[Tue, 04 Oct 2016 16:51:59 GMT], Content-Length=[0], Location=[http://api.sandbox.orcid.org/v2.0_rc1/0000-0002-5507-2082/work/717834], Connection=[keep-alive], Content-Type=[application/orcid+xml; qs=3;charset=UTF-8], Server=[nginx/1.4.6 (Ubuntu)]}
[nmm] Created
[addWork] 717834
[get].[Response.Status] 200
[get].[Response.Reason] OK
[updateWork] 717834
[put].[Response.Status] 200
[put].[Response.Reason] OK
[get].[Response.Status] 200
[get].[Response.Reason] OK
[get].[Response.Status] 200
[get].[Response.Reason] OK
[get].[Response.Status] 200
[get].[Response.Reason] OK
[get].[Response.Status] 200
[get].[Response.Reason] OK
[get].[Response.Status] 200
[get].[Response.Reason] OK
[get].[Response.Status] 200
[get].[Response.Reason] OK
[delete].[Response.Status] 204
[delete].[Response.Reason] No Content
[get].[Response.Status] 200
[get].[Response.Reason] OK
[delete].[Response.Status] 204
[delete].[Response.Reason] No Content
[get].[Response.Status] 200
[get].[Response.Reason] OK
[get].[Response.Status] 200
[get].[Response.Reason] OK
[addWork]Meta-data 0
[post].[Response.Status] 201
[post].[Response.Reason] Created
[nmm] InboundJaxrsResponse{context=ClientResponse{method=POST, uri=https://api.sandbox.orcid.org/v2.0_rc1/0000-0002-5507-2082/work, status=201, reason=Created}}
[nmm] {Access-Control-Allow-Origin=[*], Date=[Tue, 04 Oct 2016 16:52:04 GMT], Content-Length=[0], Location=[http://api.sandbox.orcid.org/v2.0_rc1/0000-0002-5507-2082/work/717835], Connection=[keep-alive], Content-Type=[application/orcid+xml; qs=3;charset=UTF-8], Server=[nginx/1.4.6 (Ubuntu)]}
[nmm] Created
[addWork] 717835
[get].[Response.Status] 200
[get].[Response.Reason] OK
[addWork]Meta-data 0
[post].[Response.Status] 201
[post].[Response.Reason] Created
[nmm] InboundJaxrsResponse{context=ClientResponse{method=POST, uri=https://api.sandbox.orcid.org/v2.0_rc1/0000-0002-5507-2082/work, status=201, reason=Created}}
[nmm] {Access-Control-Allow-Origin=[*], Date=[Tue, 04 Oct 2016 16:52:05 GMT], Content-Length=[0], Location=[http://api.sandbox.orcid.org/v2.0_rc1/0000-0002-5507-2082/work/717836], Connection=[keep-alive], Content-Type=[application/orcid+xml; qs=3;charset=UTF-8], Server=[nginx/1.4.6 (Ubuntu)]}
[nmm] Created
[addWork] 717836
[get].[Response.Status] 200
[get].[Response.Reason] OK
[get].[Response.Status] 200
[get].[Response.Reason] OK
[get].[Response.Status] 200
[get].[Response.Reason] OK
[get].[Response.Status] 200
[get].[Response.Reason] OK
[get].[Response.Status] 200
[get].[Response.Reason] OK
[get].[Response.Status] 200
[get].[Response.Reason] OK
[delete].[Response.Status] 204
[delete].[Response.Reason] No Content
[get].[Response.Status] 200
[get].[Response.Reason] OK
[delete].[Response.Status] 204
[delete].[Response.Reason] No Content
[get].[Response.Status] 200
[get].[Response.Reason] OK
[get].[Response.Status] 200
[get].[Response.Reason] OK
[addWork]Meta-data 3
[post].[Response.Status] 201
[post].[Response.Reason] Created
[nmm] InboundJaxrsResponse{context=ClientResponse{method=POST, uri=https://api.sandbox.orcid.org/v2.0_rc1/0000-0002-4464-361X/work, status=201, reason=Created}}
[nmm] {Access-Control-Allow-Origin=[*], Date=[Tue, 04 Oct 2016 16:52:09 GMT], Content-Length=[0], Location=[http://api.sandbox.orcid.org/v2.0_rc1/0000-0002-4464-361X/work/717837], Connection=[keep-alive], Content-Type=[application/orcid+xml; qs=3;charset=UTF-8], Server=[nginx/1.4.6 (Ubuntu)]}
[nmm] Created
[addWork] 717837
[addWork]Meta-data 1
[post].[Response.Status] 201
[post].[Response.Reason] Created
[nmm] InboundJaxrsResponse{context=ClientResponse{method=POST, uri=https://api.sandbox.orcid.org/v2.0_rc1/0000-0002-4464-361X/work, status=201, reason=Created}}
[nmm] {Access-Control-Allow-Origin=[*], Date=[Tue, 04 Oct 2016 16:52:09 GMT], Content-Length=[0], Location=[http://api.sandbox.orcid.org/v2.0_rc1/0000-0002-4464-361X/work/717838], Connection=[keep-alive], Content-Type=[application/orcid+xml; qs=3;charset=UTF-8], Server=[nginx/1.4.6 (Ubuntu)]}
[nmm] Created
[addWork] 717838
[get].[Response.Status] 200
[get].[Response.Reason] OK
[deleteWork] 717838
[delete].[Response.Status] 204
[delete].[Response.Reason] No Content
[updateWork] 717837
[put].[Response.Status] 200
[put].[Response.Reason] OK
[get].[Response.Status] 200
[get].[Response.Reason] OK
[get].[Response.Status] 200
[get].[Response.Reason] OK
[get].[Response.Status] 200
[get].[Response.Reason] OK
[getFullWork] 659103
[get].[Response.Status] 200
[get].[Response.Reason] OK
[get].[Response.Status] 200
[get].[Response.Reason] OK
[get].[Response.Status] 200
[get].[Response.Reason] OK
[get].[Response.Status] 200
[get].[Response.Reason] OK
[delete].[Response.Status] 204
[delete].[Response.Reason] No Content
[get].[Response.Status] 200
[get].[Response.Reason] OK
[get].[Response.Status] 200
[get].[Response.Reason] OK
[get].[Response.Status] 200
[get].[Response.Reason] OK
[addWork]Meta-data 3
[post].[Response.Status] 201
[post].[Response.Reason] Created
[nmm] InboundJaxrsResponse{context=ClientResponse{method=POST, uri=https://api.sandbox.orcid.org/v2.0_rc1/0000-0002-4464-361X/work, status=201, reason=Created}}
[nmm] {Access-Control-Allow-Origin=[*], Date=[Tue, 04 Oct 2016 16:52:15 GMT], Content-Length=[0], Location=[http://api.sandbox.orcid.org/v2.0_rc1/0000-0002-4464-361X/work/717839], Connection=[keep-alive], Content-Type=[application/orcid+xml; qs=3;charset=UTF-8], Server=[nginx/1.4.6 (Ubuntu)]}
[nmm] Created
[addWork] 717839
[get].[Response.Status] 200
[get].[Response.Reason] OK
[updateWork] 717839
[put].[Response.Status] 200
[put].[Response.Reason] OK
[addWork]Meta-data 1
[post].[Response.Status] 201
[post].[Response.Reason] Created
[nmm] InboundJaxrsResponse{context=ClientResponse{method=POST, uri=https://api.sandbox.orcid.org/v2.0_rc1/0000-0002-4464-361X/work, status=201, reason=Created}}
[nmm] {Access-Control-Allow-Origin=[*], Date=[Tue, 04 Oct 2016 16:52:15 GMT], Content-Length=[0], Location=[http://api.sandbox.orcid.org/v2.0_rc1/0000-0002-4464-361X/work/717840], Connection=[keep-alive], Content-Type=[application/orcid+xml; qs=3;charset=UTF-8], Server=[nginx/1.4.6 (Ubuntu)]}
[nmm] Created
[addWork] 717840
[get].[Response.Status] 200
[get].[Response.Reason] OK
[get].[Response.Status] 200
[get].[Response.Reason] OK
[get].[Response.Status] 200
[get].[Response.Reason] OK
[getFullWork] 659103
[get].[Response.Status] 200
[get].[Response.Reason] OK
[get].[Response.Status] 200
[get].[Response.Reason] OK
[get].[Response.Status] 200
[get].[Response.Reason] OK
[get].[Response.Status] 200
[get].[Response.Reason] OK
[delete].[Response.Status] 204
[delete].[Response.Reason] No Content
[delete].[Response.Status] 204
[delete].[Response.Reason] No Content
[get].[Response.Status] 200
[get].[Response.Reason] OK
[get].[Response.Status] 200
[get].[Response.Reason] OK
[get].[Response.Status] 200
[get].[Response.Reason] OK
[get].[Response.Status] 200
[get].[Response.Reason] OK
[get].[Response.Status] 200
[get].[Response.Reason] OK
[get].[Response.Status] 200
[get].[Response.Reason] OK
[get].[Response.Status] 200
[get].[Response.Reason] OK
[getFullWork] 673409
[get].[Response.Status] 200
[get].[Response.Reason] OK
[get].[Response.Status] 200
[get].[Response.Reason] OK
[get].[Response.Status] 200
[get].[Response.Reason] OK
[get].[Response.Status] 200
[get].[Response.Reason] OK
[get].[Response.Status] 200
[get].[Response.Reason] OK
[get].[Response.Status] 200
[get].[Response.Reason] OK
[get].[Response.Status] 200
[get].[Response.Reason] OK
[addWork]Meta-data 3
[post].[Response.Status] 201
[post].[Response.Reason] Created
[nmm] InboundJaxrsResponse{context=ClientResponse{method=POST, uri=https://api.sandbox.orcid.org/v2.0_rc1/0000-0002-9007-3574/work, status=201, reason=Created}}
[nmm] {Access-Control-Allow-Origin=[*], Date=[Tue, 04 Oct 2016 16:52:25 GMT], Content-Length=[0], Location=[http://api.sandbox.orcid.org/v2.0_rc1/0000-0002-9007-3574/work/717841], Connection=[keep-alive], Content-Type=[application/orcid+xml; qs=3;charset=UTF-8], Server=[nginx/1.4.6 (Ubuntu)]}
[nmm] Created
[addWork] 717841
[get].[Response.Status] 200
[get].[Response.Reason] OK
[get].[Response.Status] 200
[get].[Response.Reason] OK
[get].[Response.Status] 200
[get].[Response.Reason] OK
[get].[Response.Status] 200
[get].[Response.Reason] OK
[getFullWork] 673409
[get].[Response.Status] 200
[get].[Response.Reason] OK
[get].[Response.Status] 200
[get].[Response.Reason] OK
[get].[Response.Status] 200
[get].[Response.Reason] OK
[get].[Response.Status] 200
[get].[Response.Reason] OK
[get].[Response.Status] 200
[get].[Response.Reason] OK
[delete].[Response.Status] 204
[delete].[Response.Reason] No Content
[get].[Response.Status] 200
[get].[Response.Reason] OK
[get].[Response.Status] 200
[get].[Response.Reason] OK
[addWork]Meta-data 1
[post].[Response.Status] 201
[post].[Response.Reason] Created
[nmm] InboundJaxrsResponse{context=ClientResponse{method=POST, uri=https://api.sandbox.orcid.org/v2.0_rc1/0000-0002-4464-361X/work, status=201, reason=Created}}
[nmm] {Access-Control-Allow-Origin=[*], Date=[Tue, 04 Oct 2016 16:52:29 GMT], Content-Length=[0], Location=[http://api.sandbox.orcid.org/v2.0_rc1/0000-0002-4464-361X/work/717842], Connection=[keep-alive], Content-Type=[application/orcid+xml; qs=3;charset=UTF-8], Server=[nginx/1.4.6 (Ubuntu)]}
[nmm] Created
[addWork] 717842
[addWork]Meta-data 3
[post].[Response.Status] 201
[post].[Response.Reason] Created
[nmm] InboundJaxrsResponse{context=ClientResponse{method=POST, uri=https://api.sandbox.orcid.org/v2.0_rc1/0000-0002-4464-361X/work, status=201, reason=Created}}
[nmm] {Access-Control-Allow-Origin=[*], Date=[Tue, 04 Oct 2016 16:52:30 GMT], Content-Length=[0], Location=[http://api.sandbox.orcid.org/v2.0_rc1/0000-0002-4464-361X/work/717843], Connection=[keep-alive], Content-Type=[application/orcid+xml; qs=3;charset=UTF-8], Server=[nginx/1.4.6 (Ubuntu)]}
[nmm] Created
[addWork] 717843
[get].[Response.Status] 200
[get].[Response.Reason] OK
[updateWork] 717843
[put].[Response.Status] 200
[put].[Response.Reason] OK
[updateWork] 717843
[put].[Response.Status] 200
[put].[Response.Reason] OK
[get].[Response.Status] 200
[get].[Response.Reason] OK
[get].[Response.Status] 200
[get].[Response.Reason] OK
[get].[Response.Status] 200
[get].[Response.Reason] OK
[getFullWork] 659103
[get].[Response.Status] 200
[get].[Response.Reason] OK
[get].[Response.Status] 200
[get].[Response.Reason] OK
[get].[Response.Status] 200
[get].[Response.Reason] OK
[get].[Response.Status] 200
[get].[Response.Reason] OK
[delete].[Response.Status] 204
[delete].[Response.Reason] No Content
[get].[Response.Status] 200
[get].[Response.Reason] OK
[delete].[Response.Status] 204
[delete].[Response.Reason] No Content
